{
  message: 'Authorized access to /user by ::1',
  level: 'info',
  timestamp: '2023-09-18 02:24:39'
}
{
  message: 'Authorized access to /user by ::1',
  level: 'info',
  timestamp: '2023-09-18 02:25:45'
}
{
  message: 'Authorized access to /user by ::1',
  level: 'info',
  timestamp: '2023-09-18 02:27:23'
}
{
  message: 'Authorized access to /user by ::1',
  level: 'info',
  timestamp: '2023-09-18 02:28:00'
}
{
  message: 'Authorized access to /user by ::1',
  level: 'info',
  timestamp: '2023-09-18 02:28:19'
}
